#
# A fatal error has been detected by the Java Runtime Environment:
#
#  EXCEPTION_UNCAUGHT_CXX_EXCEPTION (0xe06d7363) at pc=0x75844b32, pid=7908, tid=744
#
# JRE version: 7.0_25-b17
# Java VM: Java HotSpot(TM) Client VM (23.25-b01 mixed mode windows-x86 )
# Problematic frame:
# C  [KERNELBASE.dll+0x14b32]
#
# Failed to write core dump. Minidumps are not enabled by default on client versions of Windows
#
# If you would like to submit a bug report, please visit:
#   http://bugreport.sun.com/bugreport/crash.jsp
# The crash happened outside the Java Virtual Machine in native code.
# See problematic frame for where to report the bug.
#

---------------  T H R E A D  ---------------

Current thread (0x0110a800):  JavaThread "main" [_thread_in_native, id=744, stack(0x00b30000,0x00b80000)]

siginfo: ExceptionCode=0xe06d7363, ExceptionInformation=0x19930520 0x00b7f7d0 0x5d03dac0 

Registers:
EAX=0x00b7f728, EBX=0x1b6bed18, ECX=0x00000003, EDX=0x00000000
ESP=0x00b7f728, EBP=0x00b7f780, ESI=0x1b6bee84, EDI=0x1a440048
EIP=0x75844b32, EFLAGS=0x00200216

Top of Stack: (sp=0x00b7f728)
0x00b7f728:   e06d7363 00000001 00000000 75844b32
0x00b7f738:   00000003 19930520 00b7f7d0 5d03dac0
0x00b7f748:   00000000 00000000 00000000 00000000
0x00b7f758:   e3e1b13a 5c7e5ee7 00b7f794 7fc573e9
0x00b7f768:   00b7f7b8 75841020 00b7f7b8 7588f6b3
0x00b7f778:   75840c47 7dafc23f 00b7f7b8 5cf51223
0x00b7f788:   e06d7363 00000001 00000003 00b7f7ac
0x00b7f798:   e06d7363 00000001 00000000 00000000 

Instructions: (pc=0x75844b32)
0x75844b12:   01 89 44 24 04 c7 44 24 0c e9 4a 84 75 85 c9 75
0x75844b22:   20 83 64 24 10 00 8d 04 24 50 ff 15 80 83 8c 75
0x75844b32:   8b 4c 24 54 33 cc e8 07 72 ff ff 8b e5 5d c2 10
0x75844b42:   00 8b 45 10 83 f8 0f 0f 87 37 bf 04 00 89 44 24 


Register to memory mapping:

EAX=0x00b7f728 is pointing into the stack for thread: 0x0110a800
EBX=0x1b6bed18 is an unknown value
ECX=0x00000003 is an unknown value
EDX=0x00000000 is an unknown value
ESP=0x00b7f728 is pointing into the stack for thread: 0x0110a800
EBP=0x00b7f780 is pointing into the stack for thread: 0x0110a800
ESI=0x1b6bee84 is an unknown value
EDI=0x1a440048 is an unknown value


Stack: [0x00b30000,0x00b80000],  sp=0x00b7f728,  free space=317k
Native frames: (J=compiled Java code, j=interpreted, Vv=VM code, C=native code)
C  [KERNELBASE.dll+0x14b32]
C  [ig4icd32.dll+0x781223]

Java frames: (J=compiled Java code, j=interpreted, Vv=VM code)
J  org.lwjgl.opengl.GL20.nglUseProgram(IJ)V
J  ng.tim.game.Game.renderGL()V
j  ng.tim.game.Game.<init>()V+148
j  ng.tim.game.GameLauncher.main([Ljava/lang/String;)V+4
v  ~StubRoutines::call_stub

---------------  P R O C E S S  ---------------

Java Threads: ( => current thread )
  0x1bc81400 JavaThread "LWJGL Timer" daemon [_thread_blocked, id=6168, stack(0x1eb70000,0x1ebc0000)]
  0x1be96800 JavaThread "TimerQueue" daemon [_thread_blocked, id=40, stack(0x1e940000,0x1e990000)]
  0x1bcea400 JavaThread "AWT-Windows" daemon [_thread_in_native, id=196, stack(0x1e790000,0x1e7e0000)]
  0x1bddd800 JavaThread "Java2D Disposer" daemon [_thread_blocked, id=7676, stack(0x1cea0000,0x1cef0000)]
  0x18933400 JavaThread "Service Thread" daemon [_thread_blocked, id=5652, stack(0x18ce0000,0x18d30000)]
  0x1892f000 JavaThread "C1 CompilerThread0" daemon [_thread_blocked, id=4792, stack(0x18c50000,0x18ca0000)]
  0x1892d800 JavaThread "Attach Listener" daemon [_thread_blocked, id=5856, stack(0x18bc0000,0x18c10000)]
  0x1892b400 JavaThread "Signal Dispatcher" daemon [_thread_blocked, id=6856, stack(0x18b30000,0x18b80000)]
  0x010e5400 JavaThread "Finalizer" daemon [_thread_blocked, id=4612, stack(0x188a0000,0x188f0000)]
  0x010df800 JavaThread "Reference Handler" daemon [_thread_blocked, id=4224, stack(0x18810000,0x18860000)]
=>0x0110a800 JavaThread "main" [_thread_in_native, id=744, stack(0x00b30000,0x00b80000)]

Other Threads:
  0x010d8c00 VMThread [stack: 0x18780000,0x187d0000] [id=3872]
  0x18948c00 WatcherThread [stack: 0x18d70000,0x18dc0000] [id=3260]

VM state:not at safepoint (normal execution)

VM Mutex/Monitor currently owned by a thread: None

Heap
 def new generation   total 8768K, used 7357K [0x04690000, 0x05010000, 0x09be0000)
  eden space 7808K,  94% used [0x04690000, 0x04dbf630, 0x04e30000)
  from space 960K,   0% used [0x04f20000, 0x04f200d0, 0x05010000)
  to   space 960K,   0% used [0x04e30000, 0x04e30000, 0x04f20000)
 tenured generation   total 19308K, used 12045K [0x09be0000, 0x0aebb000, 0x14690000)
   the space 19308K,  62% used [0x09be0000, 0x0a7a36f8, 0x0a7a3800, 0x0aebb000)
 compacting perm gen  total 12288K, used 8834K [0x14690000, 0x15290000, 0x18690000)
   the space 12288K,  71% used [0x14690000, 0x14f30a38, 0x14f30c00, 0x15290000)
No shared spaces configured.

Card table byte_map: [0x18690000,0x18740000] byte_map_base: 0x1866cb80

Polling page: 0x00a60000

Code Cache  [0x02690000, 0x02808000, 0x04690000)
 total_blobs=944 nmethods=652 adapters=227 free_code_cache=31274Kb largest_free_block=32024256

Compilation events (10 events):
Event: 15.818 Thread 0x1892f000  649  s          org.lwjgl.opengl.PeerInfo::unlock (88 bytes)
Event: 15.819 Thread 0x1892f000 nmethod 649 0x02802b48 code [0x02802cc0, 0x02803190]
Event: 16.088 Thread 0x1892f000  650             ng.tim.game.gfx.SpriteBatch::end (36 bytes)
Event: 16.089 Thread 0x1892f000 nmethod 650 0x02803748 code [0x02803900, 0x02803d88]
Event: 16.089 Thread 0x1892f000  651             java.nio.DirectByteBuffer::get (16 bytes)
Event: 16.089 Thread 0x1892f000 nmethod 651 0x02804348 code [0x02804440, 0x028044e0]
Event: 16.089 Thread 0x1892f000  652   !         org.lwjgl.opengl.WindowsContextImplementation::swapBuffers (67 bytes)
Event: 16.090 Thread 0x1892f000 nmethod 652 0x02804588 code [0x028046e0, 0x02804a38]
Event: 16.090 Thread 0x1892f000  654             ng.tim.game.gfx.SpriteBatch::begin (37 bytes)
Event: 16.091 Thread 0x1892f000 nmethod 654 0x02804d88 code [0x02804f30, 0x028053ac]

GC Heap History (10 events):
Event: 36.913 GC heap before
{Heap before GC invocations=196 (full 1):
 def new generation   total 8768K, used 7808K [0x04690000, 0x05010000, 0x09be0000)
  eden space 7808K, 100% used [0x04690000, 0x04e30000, 0x04e30000)
  from space 960K,   0% used [0x04e30000, 0x04e30050, 0x04f20000)
  to   space 960K,   0% used [0x04f20000, 0x04f20000, 0x05010000)
 tenured generation   total 19308K, used 12045K [0x09be0000, 0x0aebb000, 0x14690000)
   the space 19308K,  62% used [0x09be0000, 0x0a7a36f8, 0x0a7a3800, 0x0aebb000)
 compacting perm gen  total 12288K, used 8834K [0x14690000, 0x15290000, 0x18690000)
   the space 12288K,  71% used [0x14690000, 0x14f30a38, 0x14f30c00, 0x15290000)
No shared spaces configured.
Event: 36.913 GC heap after
Heap after GC invocations=197 (full 1):
 def new generation   total 8768K, used 0K [0x04690000, 0x05010000, 0x09be0000)
  eden space 7808K,   0% used [0x04690000, 0x04690000, 0x04e30000)
  from space 960K,   0% used [0x04f20000, 0x04f200d0, 0x05010000)
  to   space 960K,   0% used [0x04e30000, 0x04e30000, 0x04f20000)
 tenured generation   total 19308K, used 12045K [0x09be0000, 0x0aebb000, 0x14690000)
   the space 19308K,  62% used [0x09be0000, 0x0a7a36f8, 0x0a7a3800, 0x0aebb000)
 compacting perm gen  total 12288K, used 8834K [0x14690000, 0x15290000, 0x18690000)
   the space 12288K,  71% used [0x14690000, 0x14f30a38, 0x14f30c00, 0x15290000)
No shared spaces configured.
}
Event: 37.272 GC heap before
{Heap before GC invocations=197 (full 1):
 def new generation   total 8768K, used 7808K [0x04690000, 0x05010000, 0x09be0000)
  eden space 7808K, 100% used [0x04690000, 0x04e30000, 0x04e30000)
  from space 960K,   0% used [0x04f20000, 0x04f200d0, 0x05010000)
  to   space 960K,   0% used [0x04e30000, 0x04e30000, 0x04f20000)
 tenured generation   total 19308K, used 12045K [0x09be0000, 0x0aebb000, 0x14690000)
   the space 19308K,  62% used [0x09be0000, 0x0a7a36f8, 0x0a7a3800, 0x0aebb000)
 compacting perm gen  total 12288K, used 8834K [0x14690000, 0x15290000, 0x18690000)
   the space 12288K,  71% used [0x14690000, 0x14f30a38, 0x14f30c00, 0x15290000)
No shared spaces configured.
Event: 37.272 GC heap after
Heap after GC invocations=198 (full 1):
 def new generation   total 8768K, used 0K [0x04690000, 0x05010000, 0x09be0000)
  eden space 7808K,   0% used [0x04690000, 0x04690000, 0x04e30000)
  from space 960K,   0% used [0x04e30000, 0x04e30050, 0x04f20000)
  to   space 960K,   0% used [0x04f20000, 0x04f20000, 0x05010000)
 tenured generation   total 19308K, used 12045K [0x09be0000, 0x0aebb000, 0x14690000)
   the space 19308K,  62% used [0x09be0000, 0x0a7a36f8, 0x0a7a3800, 0x0aebb000)
 compacting perm gen  total 12288K, used 8834K [0x14690000, 0x15290000, 0x18690000)
   the space 12288K,  71% used [0x14690000, 0x14f30a38, 0x14f30c00, 0x15290000)
No shared spaces configured.
}
Event: 37.640 GC heap before
{Heap before GC invocations=198 (full 1):
 def new generation   total 8768K, used 7808K [0x04690000, 0x05010000, 0x09be0000)
  eden space 7808K, 100% used [0x04690000, 0x04e30000, 0x04e30000)
  from space 960K,   0% used [0x04e30000, 0x04e30050, 0x04f20000)
  to   space 960K,   0% used [0x04f20000, 0x04f20000, 0x05010000)
 tenured generation   total 19308K, used 12045K [0x09be0000, 0x0aebb000, 0x14690000)
   the space 19308K,  62% used [0x09be0000, 0x0a7a36f8, 0x0a7a3800, 0x0aebb000)
 compacting perm gen  total 12288K, used 8834K [0x14690000, 0x15290000, 0x18690000)
   the space 12288K,  71% used [0x14690000, 0x14f30a38, 0x14f30c00, 0x15290000)
No shared spaces configured.
Event: 37.641 GC heap after
Heap after GC invocations=199 (full 1):
 def new generation   total 8768K, used 0K [0x04690000, 0x05010000, 0x09be0000)
  eden space 7808K,   0% used [0x04690000, 0x04690000, 0x04e30000)
  from space 960K,   0% used [0x04f20000, 0x04f20050, 0x05010000)
  to   space 960K,   0% used [0x04e30000, 0x04e30000, 0x04f20000)
 tenured generation   total 19308K, used 12045K [0x09be0000, 0x0aebb000, 0x14690000)
   the space 19308K,  62% used [0x09be0000, 0x0a7a36f8, 0x0a7a3800, 0x0aebb000)
 compacting perm gen  total 12288K, used 8834K [0x14690000, 0x15290000, 0x18690000)
   the space 12288K,  71% used [0x14690000, 0x14f30a38, 0x14f30c00, 0x15290000)
No shared spaces configured.
}
Event: 38.154 GC heap before
{Heap before GC invocations=199 (full 1):
 def new generation   total 8768K, used 7808K [0x04690000, 0x05010000, 0x09be0000)
  eden space 7808K, 100% used [0x04690000, 0x04e30000, 0x04e30000)
  from space 960K,   0% used [0x04f20000, 0x04f20050, 0x05010000)
  to   space 960K,   0% used [0x04e30000, 0x04e30000, 0x04f20000)
 tenured generation   total 19308K, used 12045K [0x09be0000, 0x0aebb000, 0x14690000)
   the space 19308K,  62% used [0x09be0000, 0x0a7a36f8, 0x0a7a3800, 0x0aebb000)
 compacting perm gen  total 12288K, used 8834K [0x14690000, 0x15290000, 0x18690000)
   the space 12288K,  71% used [0x14690000, 0x14f30a38, 0x14f30c00, 0x15290000)
No shared spaces configured.
Event: 38.155 GC heap after
Heap after GC invocations=200 (full 1):
 def new generation   total 8768K, used 0K [0x04690000, 0x05010000, 0x09be0000)
  eden space 7808K,   0% used [0x04690000, 0x04690000, 0x04e30000)
  from space 960K,   0% used [0x04e30000, 0x04e300d0, 0x04f20000)
  to   space 960K,   0% used [0x04f20000, 0x04f20000, 0x05010000)
 tenured generation   total 19308K, used 12045K [0x09be0000, 0x0aebb000, 0x14690000)
   the space 19308K,  62% used [0x09be0000, 0x0a7a36f8, 0x0a7a3800, 0x0aebb000)
 compacting perm gen  total 12288K, used 8834K [0x14690000, 0x15290000, 0x18690000)
   the space 12288K,  71% used [0x14690000, 0x14f30a38, 0x14f30c00, 0x15290000)
No shared spaces configured.
}
Event: 38.923 GC heap before
{Heap before GC invocations=200 (full 1):
 def new generation   total 8768K, used 7808K [0x04690000, 0x05010000, 0x09be0000)
  eden space 7808K, 100% used [0x04690000, 0x04e30000, 0x04e30000)
  from space 960K,   0% used [0x04e30000, 0x04e300d0, 0x04f20000)
  to   space 960K,   0% used [0x04f20000, 0x04f20000, 0x05010000)
 tenured generation   total 19308K, used 12045K [0x09be0000, 0x0aebb000, 0x14690000)
   the space 19308K,  62% used [0x09be0000, 0x0a7a36f8, 0x0a7a3800, 0x0aebb000)
 compacting perm gen  total 12288K, used 8834K [0x14690000, 0x15290000, 0x18690000)
   the space 12288K,  71% used [0x14690000, 0x14f30a38, 0x14f30c00, 0x15290000)
No shared spaces configured.
Event: 38.923 GC heap after
Heap after GC invocations=201 (full 1):
 def new generation   total 8768K, used 0K [0x04690000, 0x05010000, 0x09be0000)
  eden space 7808K,   0% used [0x04690000, 0x04690000, 0x04e30000)
  from space 960K,   0% used [0x04f20000, 0x04f200d0, 0x05010000)
  to   space 960K,   0% used [0x04e30000, 0x04e30000, 0x04f20000)
 tenured generation   total 19308K, used 12045K [0x09be0000, 0x0aebb000, 0x14690000)
   the space 19308K,  62% used [0x09be0000, 0x0a7a36f8, 0x0a7a3800, 0x0aebb000)
 compacting perm gen  total 12288K, used 8834K [0x14690000, 0x15290000, 0x18690000)
   the space 12288K,  71% used [0x14690000, 0x14f30a38, 0x14f30c00, 0x15290000)
No shared spaces configured.
}

Deoptimization events (0 events):
No events

Internal exceptions (10 events):
Event: 3.542 Thread 0x0110a800 Threw 0x0475c1a8 at C:\jdk7u2_32P\jdk7u25\hotspot\src\share\vm\prims\jvm.cpp:1235
Event: 3.543 Thread 0x0110a800 Threw 0x0475fd10 at C:\jdk7u2_32P\jdk7u25\hotspot\src\share\vm\prims\jvm.cpp:1235
Event: 5.411 Thread 0x0110a800 Threw 0x0481fb60 at C:\jdk7u2_32P\jdk7u25\hotspot\src\share\vm\prims\jvm.cpp:1235
Event: 5.412 Thread 0x0110a800 Threw 0x04823250 at C:\jdk7u2_32P\jdk7u25\hotspot\src\share\vm\prims\jvm.cpp:1235
Event: 5.413 Thread 0x0110a800 Threw 0x04827330 at C:\jdk7u2_32P\jdk7u25\hotspot\src\share\vm\prims\jvm.cpp:1235
Event: 5.413 Thread 0x0110a800 Threw 0x0482a8b8 at C:\jdk7u2_32P\jdk7u25\hotspot\src\share\vm\prims\jvm.cpp:1235
Event: 5.420 Thread 0x0110a800 Threw 0x0486ffe0 at C:\jdk7u2_32P\jdk7u25\hotspot\src\share\vm\prims\jvm.cpp:1235
Event: 5.421 Thread 0x0110a800 Threw 0x04873df8 at C:\jdk7u2_32P\jdk7u25\hotspot\src\share\vm\prims\jvm.cpp:1235
Event: 5.422 Thread 0x0110a800 Threw 0x04877a60 at C:\jdk7u2_32P\jdk7u25\hotspot\src\share\vm\prims\jvm.cpp:1235
Event: 5.423 Thread 0x0110a800 Threw 0x0487b700 at C:\jdk7u2_32P\jdk7u25\hotspot\src\share\vm\prims\jvm.cpp:1235

Events (10 events):
Event: 36.913 Executing VM operation: GenCollectForAllocation
Event: 36.913 Executing VM operation: GenCollectForAllocation done
Event: 37.272 Executing VM operation: GenCollectForAllocation
Event: 37.273 Executing VM operation: GenCollectForAllocation done
Event: 37.640 Executing VM operation: GenCollectForAllocation
Event: 37.641 Executing VM operation: GenCollectForAllocation done
Event: 38.154 Executing VM operation: GenCollectForAllocation
Event: 38.155 Executing VM operation: GenCollectForAllocation done
Event: 38.922 Executing VM operation: GenCollectForAllocation
Event: 38.923 Executing VM operation: GenCollectForAllocation done


Dynamic libraries:
0x01260000 - 0x0128f000 	C:\Program Files (x86)\Java\jre7\bin\javaw.exe
0x77d80000 - 0x77ed7000 	C:\Windows\SYSTEM32\ntdll.dll
0x77880000 - 0x779b0000 	C:\Windows\SYSTEM32\KERNEL32.DLL
0x75830000 - 0x758d6000 	C:\Windows\SYSTEM32\KERNELBASE.dll
0x76ec0000 - 0x76f6e000 	C:\Windows\SYSTEM32\ADVAPI32.dll
0x75430000 - 0x75546000 	C:\Windows\SYSTEM32\USER32.dll
0x6e440000 - 0x6e638000 	C:\Windows\WinSxS\x86_microsoft.windows.common-controls_6595b64144ccf1df_6.0.9200.16579_none_8937eec6860750f5\COMCTL32.dll
0x77480000 - 0x77531000 	C:\Windows\SYSTEM32\msvcrt.dll
0x75a60000 - 0x75a94000 	C:\Windows\SYSTEM32\sechost.dll
0x777c0000 - 0x7786c000 	C:\Windows\SYSTEM32\RPCRT4.dll
0x76b70000 - 0x76c6d000 	C:\Windows\SYSTEM32\GDI32.dll
0x753b0000 - 0x753cc000 	C:\Windows\SYSTEM32\SspiCli.dll
0x753a0000 - 0x753a9000 	C:\Windows\SYSTEM32\CRYPTBASE.dll
0x75340000 - 0x75391000 	C:\Windows\SYSTEM32\bcryptPrimitives.dll
0x77290000 - 0x772b0000 	C:\Windows\system32\IMM32.DLL
0x75680000 - 0x7575d000 	C:\Windows\SYSTEM32\MSCTF.dll
0x61a60000 - 0x61b1e000 	C:\Program Files (x86)\Java\jre7\bin\msvcr100.dll
0x614c0000 - 0x61802000 	C:\Program Files (x86)\Java\jre7\bin\client\jvm.dll
0x734e0000 - 0x734e8000 	C:\Windows\SYSTEM32\WSOCK32.dll
0x74f90000 - 0x74fb1000 	C:\Windows\SYSTEM32\WINMM.dll
0x75780000 - 0x75786000 	C:\Windows\SYSTEM32\PSAPI.DLL
0x77770000 - 0x777c0000 	C:\Windows\SYSTEM32\WS2_32.dll
0x74f60000 - 0x74f8b000 	C:\Windows\SYSTEM32\WINMMBASE.dll
0x77760000 - 0x77768000 	C:\Windows\SYSTEM32\NSI.dll
0x77040000 - 0x77086000 	C:\Windows\SYSTEM32\cfgmgr32.dll
0x75760000 - 0x7577e000 	C:\Windows\SYSTEM32\DEVOBJ.dll
0x6ca40000 - 0x6ca4c000 	C:\Program Files (x86)\Java\jre7\bin\verify.dll
0x6ca20000 - 0x6ca40000 	C:\Program Files (x86)\Java\jre7\bin\java.dll
0x614a0000 - 0x614b3000 	C:\Program Files (x86)\Java\jre7\bin\zip.dll
0x61910000 - 0x61a54000 	C:\Program Files (x86)\Java\jre7\bin\awt.dll
0x776d0000 - 0x7775b000 	C:\Windows\SYSTEM32\OLEAUT32.dll
0x77b80000 - 0x77cb6000 	C:\Windows\SYSTEM32\combase.dll
0x74a90000 - 0x74b37000 	C:\Windows\system32\apphelp.dll
0x733d0000 - 0x733da000 	C:\Program Files (x86)\Java\jre7\bin\jsound.dll
0x63f30000 - 0x63f39000 	C:\Program Files (x86)\Java\jre7\bin\jsoundds.dll
0x61880000 - 0x61904000 	C:\Windows\SYSTEM32\DSOUND.dll
0x75940000 - 0x75a59000 	C:\Windows\SYSTEM32\ole32.dll
0x704e0000 - 0x7051f000 	C:\Windows\SYSTEM32\POWRPROF.dll
0x74370000 - 0x743f8000 	C:\Windows\system32\uxtheme.dll
0x66920000 - 0x6696d000 	C:\Windows\SYSTEM32\MMDevAPI.DLL
0x6a660000 - 0x6a6c9000 	C:\Program Files (x86)\Common Files\microsoft shared\ink\tiptsf.dll
0x61850000 - 0x61880000 	C:\Windows\SYSTEM32\wdmaud.drv
0x6c5a0000 - 0x6c5a5000 	C:\Windows\SYSTEM32\ksuser.dll
0x6c190000 - 0x6c198000 	C:\Windows\SYSTEM32\AVRT.dll
0x74430000 - 0x74437000 	c:\PROGRA~2\mcafee\SITEAD~1\saHook.dll
0x6c1a0000 - 0x6c1f4000 	C:\Windows\SYSTEM32\AUDIOSES.DLL
0x63f20000 - 0x63f29000 	C:\Windows\SYSTEM32\msacm32.drv
0x61830000 - 0x61844000 	C:\Windows\SYSTEM32\MSACM32.dll
0x63f10000 - 0x63f18000 	C:\Windows\SYSTEM32\midimap.dll
0x76f70000 - 0x76fe4000 	C:\Windows\SYSTEM32\clbcatq.dll
0x19e90000 - 0x19edc000 	C:\Users\Hawmalt\git\JavaGameRepository\2dShooter\res\natives\lwjgl.dll
0x60180000 - 0x6024e000 	C:\Windows\SYSTEM32\OPENGL32.dll
0x74d00000 - 0x74d08000 	C:\Windows\SYSTEM32\VERSION.dll
0x612d0000 - 0x612f3000 	C:\Windows\SYSTEM32\GLU32.dll
0x600a0000 - 0x60179000 	C:\Windows\SYSTEM32\DDRAW.dll
0x61820000 - 0x61827000 	C:\Windows\SYSTEM32\DCIMAN32.dll
0x74320000 - 0x74339000 	C:\Windows\SYSTEM32\dwmapi.dll
0x5c7d0000 - 0x5d213000 	C:\Windows\SYSTEM32\ig4icd32.dll
0x741f0000 - 0x74240000 	C:\Windows\SYSTEM32\oleacc.dll
0x665d0000 - 0x6664c000 	C:\Windows\SYSTEM32\mscms.dll
0x74fc0000 - 0x74fdb000 	C:\Windows\SYSTEM32\USERENV.dll
0x75120000 - 0x75131000 	C:\Windows\SYSTEM32\profapi.dll
0x60060000 - 0x6009b000 	C:\Windows\SYSTEM32\icm32.dll
0x74b80000 - 0x74b9a000 	C:\Windows\SYSTEM32\CRYPTSP.dll
0x74b40000 - 0x74b7e000 	C:\Windows\system32\rsaenh.dll
0x61480000 - 0x61494000 	C:\Program Files (x86)\Java\jre7\bin\net.dll
0x74da0000 - 0x74dea000 	C:\Windows\system32\mswsock.dll
0x74420000 - 0x74430000 	C:\Windows\system32\napinsp.dll
0x74400000 - 0x74414000 	C:\Windows\system32\pnrpnsp.dll
0x74360000 - 0x74370000 	C:\Windows\system32\NLAapi.dll
0x74d20000 - 0x74d95000 	C:\Windows\SYSTEM32\DNSAPI.dll
0x74350000 - 0x74359000 	C:\Windows\System32\winrnr.dll
0x74340000 - 0x74350000 	C:\Windows\system32\wshbth.dll
0x74d10000 - 0x74d17000 	C:\Windows\System32\rasadhlp.dll
0x75310000 - 0x75330000 	C:\Windows\SYSTEM32\IPHLPAPI.DLL
0x751c0000 - 0x751c8000 	C:\Windows\SYSTEM32\WINNSI.DLL
0x74bd0000 - 0x74c0f000 	C:\Windows\System32\fwpuclnt.dll
0x64fc0000 - 0x64fcf000 	C:\Program Files (x86)\Java\jre7\bin\nio.dll
0x75aa0000 - 0x76b66000 	C:\Windows\SYSTEM32\SHELL32.dll
0x753f0000 - 0x75430000 	C:\Windows\SYSTEM32\SHLWAPI.dll
0x75140000 - 0x751b5000 	C:\Windows\SYSTEM32\shcore.dll
0x60020000 - 0x60051000 	C:\Program Files (x86)\Java\jre7\bin\fontmanager.dll
0x5fff0000 - 0x60020000 	C:\Program Files (x86)\Java\jre7\bin\t2k.dll
0x6ba00000 - 0x6bb4b000 	C:\Windows\SYSTEM32\WindowsCodecs.dll

VM Arguments:
jvm_args: -Djava.library.path=C:\Users\Hawmalt\git\JavaGameRepository\2dShooter\res\natives -Dfile.encoding=Cp1252 
java_command: ng.tim.game.GameLauncher
Launcher Type: SUN_STANDARD

Environment Variables:



---------------  S Y S T E M  ---------------

OS: Windows 8 , 64 bit Build 9200 

CPU:total 4 (2 cores per cpu, 2 threads per core) family 6 model 42 stepping 7, cmov, cx8, fxsr, mmx, sse, sse2, sse3, ssse3, sse4.1, sse4.2, popcnt, avx, ht, tsc, tscinvbit

Memory: 4k page, physical 8177252k(3621384k free), swap 9422436k(3832288k free)

vm_info: Java HotSpot(TM) Client VM (23.25-b01) for windows-x86 JRE (1.7.0_25-b17), built on Jun 21 2013 13:06:48 by "java_re" with unknown MS VC++:1600

time: Fri Oct 11 18:21:19 2013
elapsed time: 39 seconds

